Copyright 1986-2020 Xilinx, Inc. All Rights Reserved.
-----------------------------------------------------------------------------------------------------------------------------------------------------------------------------------------
| Tool Version : Vivado v.2020.1 (win64) Build 2902540 Wed May 27 19:54:49 MDT 2020
| Date         : Tue Sep  9 20:10:33 2025
| Host         : DESKTOP-637IPB4 running 64-bit major release  (build 9200)
| Command      : report_methodology -file ripple_adder_4bit_methodology_drc_routed.rpt -pb ripple_adder_4bit_methodology_drc_routed.pb -rpx ripple_adder_4bit_methodology_drc_routed.rpx
| Design       : ripple_adder_4bit
| Device       : xc7s75fgga484-1
| Speed File   : -1
| Design State : Fully Routed
-----------------------------------------------------------------------------------------------------------------------------------------------------------------------------------------

Report Methodology

Table of Contents
-----------------
1. REPORT SUMMARY
2. REPORT DETAILS

1. REPORT SUMMARY
-----------------
            Netlist: netlist
          Floorplan: design_1
      Design limits: <entire design considered>
             Max violations: <unlimited>
             Violations found: 0
+------+----------+-------------+------------+
| Rule | Severity | Description | Violations |
+------+----------+-------------+------------+
+------+----------+-------------+------------+

2. REPORT DETAILS
-----------------

