#-----------------------------------------------------------
# Vivado v2020.1 (64-bit)
# SW Build 2902540 on Wed May 27 19:54:49 MDT 2020
# IP Build 2902112 on Wed May 27 22:43:36 MDT 2020
# Start of session at: Tue Nov  4 18:43:21 2025
# Process ID: 18348
# Current directory: C:/Users/myatt/Desktop/LogicProject
# Command line: vivado.exe -gui_launcher_event rodinguilauncherevent12364 C:\Users\myatt\Desktop\LogicProject\Calculator.xpr
# Log file: C:/Users/myatt/Desktop/LogicProject/vivado.log
# Journal file: C:/Users/myatt/Desktop/LogicProject\vivado.jou
#-----------------------------------------------------------
start_gui
open_project C:/Users/myatt/Desktop/LogicProject/Calculator.xpr
INFO: [Project 1-313] Project file moved from 'C:/Users/moshi/Downloads/Calculator' since last save.
CRITICAL WARNING: [Project 1-311] Could not find the file 'C:/Users/myatt/Desktop/LogicProject/Calculator.srcs/sources_1/new/button_manager.v', nor could it be found using path 'C:/Users/moshi/Downloads/Calculator/Calculator.srcs/sources_1/new/button_manager.v'.
CRITICAL WARNING: [Project 1-311] Could not find the file 'C:/Users/myatt/Desktop/LogicProject/Calculator.srcs/sources_1/new/calculator_core.v', nor could it be found using path 'C:/Users/moshi/Downloads/Calculator/Calculator.srcs/sources_1/new/calculator_core.v'.
CRITICAL WARNING: [Project 1-311] Could not find the file 'C:/Users/myatt/Desktop/LogicProject/Calculator.srcs/sources_1/new/display_manager.v', nor could it be found using path 'C:/Users/moshi/Downloads/Calculator/Calculator.srcs/sources_1/new/display_manager.v'.
CRITICAL WARNING: [Project 1-311] Could not find the file 'C:/Users/myatt/Desktop/LogicProject/Calculator.srcs/sources_1/new/calculator_top.v', nor could it be found using path 'C:/Users/moshi/Downloads/Calculator/Calculator.srcs/sources_1/new/calculator_top.v'.
CRITICAL WARNING: [Project 1-311] Could not find the file 'C:/Users/myatt/Desktop/LogicProject/Calculator.srcs/sources_1/new/bin_to_bcd.v', nor could it be found using path 'C:/Users/moshi/Downloads/Calculator/Calculator.srcs/sources_1/new/bin_to_bcd.v'.
CRITICAL WARNING: [Project 1-311] Could not find the file 'C:/Users/myatt/Desktop/LogicProject/Calculator.srcs/sources_1/new/lcd_controller.v', nor could it be found using path 'C:/Users/moshi/Downloads/Calculator/Calculator.srcs/sources_1/new/lcd_controller.v'.
CRITICAL WARNING: [Project 1-311] Could not find the file 'C:/Users/myatt/Desktop/LogicProject/Calculator.srcs/constrs_1/new/calculator.xdc', nor could it be found using path 'C:/Users/moshi/Downloads/Calculator/Calculator.srcs/constrs_1/new/calculator.xdc'.
CRITICAL WARNING: [Project 1-311] Could not find the file 'C:/Users/myatt/Desktop/LogicProject/Calculator.srcs/sim_1/new/tb_lcd_controller.v', nor could it be found using path 'C:/Users/moshi/Downloads/Calculator/Calculator.srcs/sim_1/new/tb_lcd_controller.v'.
Scanning sources...
Finished scanning sources
WARNING: [Project 1-509] GeneratedRun file for 'synth_1' not found
WARNING: [Project 1-509] GeneratedRun file for 'impl_1' not found
WARNING: [filemgmt 56-2] Default IP Output Path : Could not find the directory 'C:/Users/myatt/Desktop/LogicProject/Calculator.srcs/sources_1', nor could it be found using path 'C:/Users/moshi/Downloads/Calculator/Calculator.srcs/sources_1'.
WARNING: [filemgmt 56-2] IPUserFilesDir: Could not find the directory 'C:/Users/myatt/Desktop/LogicProject/Calculator.ip_user_files', nor could it be found using path 'C:/Users/moshi/Downloads/Calculator/Calculator.ip_user_files'.
INFO: [IP_Flow 19-234] Refreshing IP repositories
INFO: [IP_Flow 19-1704] No user IP repositories specified
INFO: [IP_Flow 19-2313] Loaded Vivado IP repository 'C:/Xilinx/Vivado/2020.1/data/ip'.
update_compile_order -fileset sources_1
exit
INFO: [Common 17-206] Exiting Vivado at Tue Nov  4 18:44:17 2025...
